<?xml version="1.0" encoding="UTF-8"?>
<!-- Generated by org.testng.reporters.JUnitXMLReporter -->
<testsuite ignored="0" hostname="LAPTOP-JB05BTC5" failures="0" tests="4" name="Test" time="18.352" errors="0" timestamp="2024-05-24T23:33:50 IST">
  <testcase classname="testscript.ManagePagesTest" name="verifyWhetherTheUserIsAbleToDeleteAPage" time="0.263">
    <skipped/>
  </testcase> <!-- verifyWhetherTheUserIsAbleToDeleteAPage -->
  <testcase classname="testscript.ManageNewsTest" name="verifyWhetherTheUserIsAbleToAddNews" time="0.193">
    <skipped/>
  </testcase> <!-- verifyWhetherTheUserIsAbleToAddNews -->
  <testcase classname="testscript.ManagePagesTest" name="verifyWhetherTheUserIsAbleToDeleteAPage" time="6.388"/>
  <testcase classname="testscript.ManageNewsTest" name="verifyWhetherTheUserIsAbleToAddNews" time="8.57"/>
</testsuite> <!-- Test -->
