<?xml version="1.0" encoding="UTF-8"?>
<testng-results ignored="0" total="1" passed="1" failed="0" skipped="0">
  <reporter-output>
  </reporter-output>
  <suite started-at="2024-05-08T23:53:25 IST" name="Default suite" finished-at="2024-05-08T23:53:31 IST" duration-ms="5577">
    <groups>
    </groups>
    <test started-at="2024-05-08T23:53:25 IST" name="Default test" finished-at="2024-05-08T23:53:31 IST" duration-ms="5577">
      <class name="testscript.ManageDeliveryBoyTest">
        <test-method is-config="true" signature="initializeBrowser()[pri:0, instance:testscript.ManageDeliveryBoyTest@32ee6fee]" started-at="2024-05-08T23:53:25 IST" name="initializeBrowser" finished-at="2024-05-08T23:53:29 IST" duration-ms="4174" status="PASS">
          <reporter-output>
          </reporter-output>
        </test-method> <!-- initializeBrowser -->
        <test-method signature="verifyingDeliveryboyDetailsFoundInListDeliveryBoypage()[pri:0, instance:testscript.ManageDeliveryBoyTest@32ee6fee]" started-at="2024-05-08T23:53:29 IST" name="verifyingDeliveryboyDetailsFoundInListDeliveryBoypage" finished-at="2024-05-08T23:53:31 IST" duration-ms="1369" status="PASS">
          <reporter-output>
          </reporter-output>
        </test-method> <!-- verifyingDeliveryboyDetailsFoundInListDeliveryBoypage -->
        <test-method is-config="true" signature="driverQuitandClose()[pri:0, instance:testscript.ManageDeliveryBoyTest@32ee6fee]" started-at="2024-05-08T23:53:31 IST" name="driverQuitandClose" finished-at="2024-05-08T23:53:31 IST" duration-ms="0" status="PASS">
          <reporter-output>
          </reporter-output>
        </test-method> <!-- driverQuitandClose -->
      </class> <!-- testscript.ManageDeliveryBoyTest -->
    </test> <!-- Default test -->
  </suite> <!-- Default suite -->
</testng-results>
